[02Apr2022 00:00:32.622] [Render thread/INFO] [com.mojang.blaze3d.audio.Library/]: OpenAL initialized on device CoreAudio Default
[02Apr2022 00:00:32.632] [Render thread/INFO] [net.minecraft.client.sounds.SoundEngine/SOUNDS]: Sound engine started
[02Apr2022 00:00:33.137] [Render thread/INFO] [net.minecraft.client.renderer.texture.TextureAtlas/]: Created: 1024x512x4 minecraft:textures/atlas/blocks.png-atlas
[02Apr2022 00:00:33.150] [Render thread/INFO] [net.minecraft.client.renderer.texture.TextureAtlas/]: Created: 256x128x4 minecraft:textures/atlas/signs.png-atlas
[02Apr2022 00:00:33.151] [Render thread/INFO] [net.minecraft.client.renderer.texture.TextureAtlas/]: Created: 512x512x4 minecraft:textures/atlas/banner_patterns.png-atlas
[02Apr2022 00:00:33.152] [Render thread/INFO] [net.minecraft.client.renderer.texture.TextureAtlas/]: Created: 512x512x4 minecraft:textures/atlas/shield_patterns.png-atlas
[02Apr2022 00:00:33.154] [Render thread/INFO] [net.minecraft.client.renderer.texture.TextureAtlas/]: Created: 256x256x4 minecraft:textures/atlas/chest.png-atlas
[02Apr2022 00:00:33.157] [Render thread/INFO] [net.minecraft.client.renderer.texture.TextureAtlas/]: Created: 512x256x4 minecraft:textures/atlas/beds.png-atlas
[02Apr2022 00:00:33.158] [Render thread/INFO] [net.minecraft.client.renderer.texture.TextureAtlas/]: Created: 512x256x4 minecraft:textures/atlas/shulker_boxes.png-atlas
[02Apr2022 00:00:36.356] [Render thread/INFO] [net.minecraft.client.renderer.texture.TextureAtlas/]: Created: 256x256x0 minecraft:textures/atlas/particles.png-atlas
[02Apr2022 00:00:36.358] [Render thread/INFO] [net.minecraft.client.renderer.texture.TextureAtlas/]: Created: 256x256x0 minecraft:textures/atlas/paintings.png-atlas
[02Apr2022 00:00:36.359] [Render thread/INFO] [net.minecraft.client.renderer.texture.TextureAtlas/]: Created: 128x128x0 minecraft:textures/atlas/mob_effects.png-atlas
[02Apr2022 00:00:40.800] [Realms Notification Availability checker #1/INFO] [com.mojang.realmsclient.client.RealmsClient/]: Could not authorize you against Realms server: Invalid session id
[02Apr2022 00:00:53.056] [Render thread/WARN] [net.minecraft.commands.Commands/]: Ambiguity between arguments [teleport, location] and [teleport, destination] with inputs: [0.1 -0.5 .9, 0 0 0]
[02Apr2022 00:00:53.061] [Render thread/WARN] [net.minecraft.commands.Commands/]: Ambiguity between arguments [teleport, location] and [teleport, targets] with inputs: [0.1 -0.5 .9, 0 0 0]
[02Apr2022 00:00:53.066] [Render thread/WARN] [net.minecraft.commands.Commands/]: Ambiguity between arguments [teleport, destination] and [teleport, targets] with inputs: [Player, 0123, @e, dd12be42-52a9-4a91-a8a1-11c01849e498]
[02Apr2022 00:00:53.068] [Render thread/WARN] [net.minecraft.commands.Commands/]: Ambiguity between arguments [teleport, targets] and [teleport, destination] with inputs: [Player, 0123, dd12be42-52a9-4a91-a8a1-11c01849e498]
[02Apr2022 00:00:53.070] [Render thread/WARN] [net.minecraft.commands.Commands/]: Ambiguity between arguments [teleport, targets, location] and [teleport, targets, destination] with inputs: [0.1 -0.5 .9, 0 0 0]
[02Apr2022 00:01:00.435] [Render thread/INFO] [net.minecraft.world.item.crafting.RecipeManager/]: Loaded 7 recipes
[02Apr2022 00:01:03.758] [Render thread/INFO] [net.minecraft.advancements.AdvancementList/]: Loaded 1141 advancements
[02Apr2022 00:01:05.855] [Render thread/INFO] [com.mojang.authlib.yggdrasil.YggdrasilAuthenticationService/]: Environment: authHost='https://authserver.mojang.com', accountsHost='https://api.mojang.com', sessionHost='https://sessionserver.mojang.com', servicesHost='https://api.minecraftservices.com', name='PROD'
[02Apr2022 00:01:05.900] [Server thread/INFO] [net.minecraft.client.server.IntegratedServer/]: Starting integrated minecraft server version 1.18.2
[02Apr2022 00:01:05.900] [Server thread/INFO] [net.minecraft.server.MinecraftServer/]: Generating keypair
[02Apr2022 00:01:06.904] [Server thread/INFO] [net.minecraft.server.MinecraftServer/]: Preparing start region for dimension minecraft:overworld
[02Apr2022 00:01:12.682] [Render thread/INFO] [net.minecraft.server.level.progress.LoggerChunkProgressListener/]: Preparing spawn area: 0%
[02Apr2022 00:01:12.781] [Render thread/INFO] [net.minecraft.server.level.progress.LoggerChunkProgressListener/]: Preparing spawn area: 0%
[02Apr2022 00:01:12.838] [Render thread/INFO] [net.minecraft.server.level.progress.LoggerChunkProgressListener/]: Preparing spawn area: 0%
[02Apr2022 00:01:12.888] [Render thread/INFO] [net.minecraft.server.level.progress.LoggerChunkProgressListener/]: Preparing spawn area: 0%
[02Apr2022 00:01:13.147] [Render thread/INFO] [net.minecraft.server.level.progress.LoggerChunkProgressListener/]: Preparing spawn area: 0%
[02Apr2022 00:01:13.197] [Render thread/INFO] [net.minecraft.server.level.progress.LoggerChunkProgressListener/]: Preparing spawn area: 0%
[02Apr2022 00:01:13.251] [Render thread/INFO] [net.minecraft.server.level.progress.LoggerChunkProgressListener/]: Preparing spawn area: 0%
[02Apr2022 00:01:13.251] [Render thread/INFO] [net.minecraft.server.level.progress.LoggerChunkProgressListener/]: Preparing spawn area: 0%
[02Apr2022 00:01:13.336] [Render thread/INFO] [net.minecraft.server.level.progress.LoggerChunkProgressListener/]: Preparing spawn area: 0%
[02Apr2022 00:01:13.408] [Render thread/INFO] [net.minecraft.server.level.progress.LoggerChunkProgressListener/]: Preparing spawn area: 0%
[02Apr2022 00:01:13.515] [Render thread/INFO] [net.minecraft.server.level.progress.LoggerChunkProgressListener/]: Preparing spawn area: 0%
[02Apr2022 00:01:13.607] [Render thread/INFO] [net.minecraft.server.level.progress.LoggerChunkProgressListener/]: Preparing spawn area: 0%
[02Apr2022 00:01:13.844] [Render thread/INFO] [net.minecraft.server.level.progress.LoggerChunkProgressListener/]: Preparing spawn area: 0%
[02Apr2022 00:01:14.352] [Render thread/INFO] [net.minecraft.server.level.progress.LoggerChunkProgressListener/]: Preparing spawn area: 0%
[02Apr2022 00:01:14.491] [Render thread/INFO] [net.minecraft.server.level.progress.LoggerChunkProgressListener/]: Preparing spawn area: 0%
[02Apr2022 00:01:14.544] [Render thread/INFO] [net.minecraft.server.level.progress.LoggerChunkProgressListener/]: Preparing spawn area: 0%
[02Apr2022 00:01:15.027] [Render thread/INFO] [net.minecraft.server.level.progress.LoggerChunkProgressListener/]: Preparing spawn area: 0%
[02Apr2022 00:01:15.588] [Render thread/INFO] [net.minecraft.server.level.progress.LoggerChunkProgressListener/]: Preparing spawn area: 0%
[02Apr2022 00:01:16.144] [Render thread/INFO] [net.minecraft.server.level.progress.LoggerChunkProgressListener/]: Preparing spawn area: 0%
[02Apr2022 00:01:16.454] [Render thread/INFO] [net.minecraft.server.level.progress.LoggerChunkProgressListener/]: Preparing spawn area: 0%
[02Apr2022 00:01:16.950] [Render thread/INFO] [net.minecraft.server.level.progress.LoggerChunkProgressListener/]: Preparing spawn area: 0%
[02Apr2022 00:01:17.462] [Render thread/INFO] [net.minecraft.server.level.progress.LoggerChunkProgressListener/]: Preparing spawn area: 0%
[02Apr2022 00:01:17.965] [Render thread/INFO] [net.minecraft.server.level.progress.LoggerChunkProgressListener/]: Preparing spawn area: 0%
[02Apr2022 00:01:18.417] [Render thread/INFO] [net.minecraft.server.level.progress.LoggerChunkProgressListener/]: Preparing spawn area: 0%
[02Apr2022 00:01:18.919] [Render thread/INFO] [net.minecraft.server.level.progress.LoggerChunkProgressListener/]: Preparing spawn area: 0%
[02Apr2022 00:01:19.452] [Render thread/INFO] [net.minecraft.server.level.progress.LoggerChunkProgressListener/]: Preparing spawn area: 0%
[02Apr2022 00:01:19.939] [Render thread/INFO] [net.minecraft.server.level.progress.LoggerChunkProgressListener/]: Preparing spawn area: 0%
[02Apr2022 00:01:20.424] [Render thread/INFO] [net.minecraft.server.level.progress.LoggerChunkProgressListener/]: Preparing spawn area: 0%
[02Apr2022 00:01:20.953] [Render thread/INFO] [net.minecraft.server.level.progress.LoggerChunkProgressListener/]: Preparing spawn area: 0%
[02Apr2022 00:01:21.515] [Render thread/INFO] [net.minecraft.server.level.progress.LoggerChunkProgressListener/]: Preparing spawn area: 0%
[02Apr2022 00:01:21.941] [Render thread/INFO] [net.minecraft.server.level.progress.LoggerChunkProgressListener/]: Preparing spawn area: 0%
[02Apr2022 00:01:22.428] [Render thread/INFO] [net.minecraft.server.level.progress.LoggerChunkProgressListener/]: Preparing spawn area: 0%
[02Apr2022 00:01:22.949] [Render thread/INFO] [net.minecraft.server.level.progress.LoggerChunkProgressListener/]: Preparing spawn area: 0%
[02Apr2022 00:01:23.471] [Render thread/INFO] [net.minecraft.server.level.progress.LoggerChunkProgressListener/]: Preparing spawn area: 0%
[02Apr2022 00:01:23.922] [Render thread/INFO] [net.minecraft.server.level.progress.LoggerChunkProgressListener/]: Preparing spawn area: 0%
[02Apr2022 00:01:24.447] [Render thread/INFO] [net.minecraft.server.level.progress.LoggerChunkProgressListener/]: Preparing spawn area: 0%
[02Apr2022 00:01:24.949] [Render thread/INFO] [net.minecraft.server.level.progress.LoggerChunkProgressListener/]: Preparing spawn area: 0%
[02Apr2022 00:01:25.531] [Render thread/INFO] [net.minecraft.server.level.progress.LoggerChunkProgressListener/]: Preparing spawn area: 0%
[02Apr2022 00:01:25.932] [Render thread/INFO] [net.minecraft.server.level.progress.LoggerChunkProgressListener/]: Preparing spawn area: 0%
[02Apr2022 00:01:26.444] [Render thread/INFO] [net.minecraft.server.level.progress.LoggerChunkProgressListener/]: Preparing spawn area: 1%
[02Apr2022 00:01:26.948] [Render thread/INFO] [net.minecraft.server.level.progress.LoggerChunkProgressListener/]: Preparing spawn area: 4%
[02Apr2022 00:01:27.445] [Render thread/INFO] [net.minecraft.server.level.progress.LoggerChunkProgressListener/]: Preparing spawn area: 4%
[02Apr2022 00:01:27.973] [Render thread/INFO] [net.minecraft.server.level.progress.LoggerChunkProgressListener/]: Preparing spawn area: 4%
[02Apr2022 00:01:28.458] [Render thread/INFO] [net.minecraft.server.level.progress.LoggerChunkProgressListener/]: Preparing spawn area: 4%
[02Apr2022 00:01:28.935] [Render thread/INFO] [net.minecraft.server.level.progress.LoggerChunkProgressListener/]: Preparing spawn area: 4%
[02Apr2022 00:01:29.463] [Render thread/INFO] [net.minecraft.server.level.progress.LoggerChunkProgressListener/]: Preparing spawn area: 4%
[02Apr2022 00:01:29.933] [Render thread/INFO] [net.minecraft.server.level.progress.LoggerChunkProgressListener/]: Preparing spawn area: 6%
[02Apr2022 00:01:30.434] [Render thread/INFO] [net.minecraft.server.level.progress.LoggerChunkProgressListener/]: Preparing spawn area: 9%
[02Apr2022 00:01:30.940] [Render thread/INFO] [net.minecraft.server.level.progress.LoggerChunkProgressListener/]: Preparing spawn area: 15%
[02Apr2022 00:01:31.453] [Render thread/INFO] [net.minecraft.server.level.progress.LoggerChunkProgressListener/]: Preparing spawn area: 27%
[02Apr2022 00:01:31.965] [Render thread/INFO] [net.minecraft.server.level.progress.LoggerChunkProgressListener/]: Preparing spawn area: 37%
[02Apr2022 00:01:32.418] [Render thread/INFO] [net.minecraft.server.level.progress.LoggerChunkProgressListener/]: Preparing spawn area: 53%
[02Apr2022 00:01:32.955] [Render thread/INFO] [net.minecraft.server.level.progress.LoggerChunkProgressListener/]: Preparing spawn area: 58%
[02Apr2022 00:01:33.504] [Render thread/INFO] [net.minecraft.server.level.progress.LoggerChunkProgressListener/]: Preparing spawn area: 76%
[02Apr2022 00:01:39.037] [Server thread/INFO] [net.minecraftforge.server.permission.PermissionAPI/]: Successfully initialized permission handler forge:default_handler
[02Apr2022 00:01:39.061] [Render thread/INFO] [net.minecraft.server.level.progress.LoggerChunkProgressListener/]: Time elapsed: 32144 ms
[02Apr2022 00:01:39.368] [Server thread/INFO] [net.minecraft.client.server.IntegratedServer/]: Changing view distance to 12, from 10
[02Apr2022 00:01:39.375] [Server thread/INFO] [net.minecraft.client.server.IntegratedServer/]: Changing simulation distance to 12, from 0
[02Apr2022 00:01:44.292] [Netty Local Client IO #0/INFO] [net.minecraftforge.network.NetworkHooks/]: Connected to a modded server.
[02Apr2022 00:01:44.772] [Server thread/INFO] [net.minecraftforge.common.AdvancementLoadFix/]: Using new advancement loading for net.minecraft.server.PlayerAdvancements@3cfa2a2d
[02Apr2022 00:01:44.831] [Server thread/INFO] [net.minecraft.server.players.PlayerList/]: Dev[local:E:19e6e7c6] logged in with entity id 85 at (685.6004075634098, 63.54913854522001, 283.3528222666173)
[02Apr2022 00:01:45.190] [Server thread/INFO] [net.minecraft.server.MinecraftServer/]: Dev joined the game
[02Apr2022 00:01:50.298] [Server thread/WARN] [net.minecraft.server.MinecraftServer/]: Can't keep up! Is the server overloaded? Running 6060ms or 121 ticks behind
[02Apr2022 00:01:50.451] [Render thread/INFO] [net.minecraft.advancements.AdvancementList/]: Loaded 1141 advancements
[02Apr2022 00:01:52.303] [Server thread/INFO] [net.minecraft.client.server.IntegratedServer/]: Saving and pausing game...
[02Apr2022 00:01:52.645] [Server thread/INFO] [net.minecraft.server.MinecraftServer/]: Saving chunks for level 'ServerLevel[New World]'/minecraft:overworld
[02Apr2022 00:01:56.062] [Server thread/INFO] [net.minecraft.server.MinecraftServer/]: Saving chunks for level 'ServerLevel[New World]'/minecraft:the_nether
[02Apr2022 00:01:56.064] [Server thread/INFO] [net.minecraft.server.MinecraftServer/]: Saving chunks for level 'ServerLevel[New World]'/minecraft:the_end
[02Apr2022 00:02:05.381] [Server thread/INFO] [net.minecraft.client.server.IntegratedServer/]: Saving and pausing game...
[02Apr2022 00:02:05.617] [Server thread/INFO] [net.minecraft.server.MinecraftServer/]: Saving chunks for level 'ServerLevel[New World]'/minecraft:overworld
[02Apr2022 00:02:05.739] [Server thread/INFO] [net.minecraft.server.MinecraftServer/]: Saving chunks for level 'ServerLevel[New World]'/minecraft:the_nether
[02Apr2022 00:02:05.741] [Server thread/INFO] [net.minecraft.server.MinecraftServer/]: Saving chunks for level 'ServerLevel[New World]'/minecraft:the_end
[02Apr2022 00:02:19.986] [Server thread/INFO] [net.minecraft.server.MinecraftServer/]: [@: Summoned new Villager]
[02Apr2022 00:02:20.048] [Render thread/INFO] [net.minecraft.client.gui.components.ChatComponent/]: [CHAT] [@: Summoned new Villager]
[02Apr2022 00:02:20.108] [Server thread/INFO] [net.minecraft.server.MinecraftServer/]: [@: Summoned new Villager]
[02Apr2022 00:02:20.123] [Server thread/INFO] [net.minecraft.server.MinecraftServer/]: [@: Summoned new Villager]
[02Apr2022 00:02:20.152] [Render thread/INFO] [net.minecraft.client.gui.components.ChatComponent/]: [CHAT] [@: Summoned new Villager]
[02Apr2022 00:02:20.154] [Render thread/INFO] [net.minecraft.client.gui.components.ChatComponent/]: [CHAT] [@: Summoned new Villager]
[02Apr2022 00:02:20.178] [Server thread/INFO] [net.minecraft.server.MinecraftServer/]: [@: Summoned new Villager]
[02Apr2022 00:02:20.209] [Server thread/INFO] [net.minecraft.server.MinecraftServer/]: [@: Summoned new Villager]
[02Apr2022 00:02:20.226] [Render thread/INFO] [net.minecraft.client.gui.components.ChatComponent/]: [CHAT] [@: Summoned new Villager]
[02Apr2022 00:02:20.228] [Render thread/INFO] [net.minecraft.client.gui.components.ChatComponent/]: [CHAT] [@: Summoned new Villager]
[02Apr2022 00:02:20.240] [Server thread/INFO] [net.minecraft.server.MinecraftServer/]: [@: Summoned new Villager]
[02Apr2022 00:02:20.259] [Render thread/INFO] [net.minecraft.client.gui.components.ChatComponent/]: [CHAT] [@: Summoned new Villager]
[02Apr2022 00:02:23.723] [Server thread/INFO] [net.minecraft.world.entity.npc.Villager/]: Villager Villager['Villager'/142, l='ServerLevel[New World]', x=743.50, y=62.00, z=277.50] died, message: 'Villager hit the ground too hard'
[02Apr2022 00:02:23.726] [Server thread/INFO] [net.minecraft.world.entity.npc.Villager/]: Villager Villager['Villager'/144, l='ServerLevel[New World]', x=743.50, y=62.00, z=277.50] died, message: 'Villager hit the ground too hard'
[02Apr2022 00:02:23.727] [Server thread/INFO] [net.minecraft.world.entity.npc.Villager/]: Villager Villager['Villager'/145, l='ServerLevel[New World]', x=743.50, y=62.00, z=277.50] died, message: 'Villager hit the ground too hard'
[02Apr2022 00:02:23.728] [Server thread/INFO] [net.minecraft.world.entity.npc.Villager/]: Villager Villager['Villager'/148, l='ServerLevel[New World]', x=743.50, y=62.00, z=277.50] died, message: 'Villager hit the ground too hard'
[02Apr2022 00:02:23.730] [Server thread/INFO] [net.minecraft.world.entity.npc.Villager/]: Villager Villager['Villager'/152, l='ServerLevel[New World]', x=743.50, y=62.00, z=277.50] died, message: 'Villager hit the ground too hard'
[02Apr2022 00:02:23.820] [Render thread/INFO] [net.minecraft.world.entity.npc.Villager/]: Villager Villager['Villager'/142, l='ClientLevel', x=743.50, y=70.28, z=277.50] died, message: 'Villager died'
[02Apr2022 00:02:23.822] [Render thread/INFO] [net.minecraft.world.entity.npc.Villager/]: Villager Villager['Villager'/144, l='ClientLevel', x=743.50, y=69.32, z=277.50] died, message: 'Villager died'
[02Apr2022 00:02:23.825] [Render thread/INFO] [net.minecraft.world.entity.npc.Villager/]: Villager Villager['Villager'/145, l='ClientLevel', x=743.50, y=68.02, z=277.50] died, message: 'Villager died'
[02Apr2022 00:02:23.827] [Render thread/INFO] [net.minecraft.world.entity.npc.Villager/]: Villager Villager['Villager'/148, l='ClientLevel', x=743.50, y=70.28, z=277.50] died, message: 'Villager died'
[02Apr2022 00:02:23.828] [Render thread/INFO] [net.minecraft.world.entity.npc.Villager/]: Villager Villager['Villager'/152, l='ClientLevel', x=743.50, y=68.02, z=277.50] died, message: 'Villager died'
[02Apr2022 00:02:26.662] [Server thread/INFO] [net.minecraft.world.entity.npc.Villager/]: Villager Villager['Villager'/149, l='ServerLevel[New World]', x=743.50, y=62.00, z=277.50] died, message: 'Villager hit the ground too hard'
[02Apr2022 00:02:26.679] [Render thread/INFO] [net.minecraft.world.entity.npc.Villager/]: Villager Villager['Villager'/149, l='ClientLevel', x=743.50, y=69.41, z=277.50] died, message: 'Villager died'
[02Apr2022 00:02:38.648] [Server thread/WARN] [net.minecraft.server.MinecraftServer/]: Can't keep up! Is the server overloaded? Running 2009ms or 40 ticks behind
[02Apr2022 00:03:05.713] [Server thread/WARN] [net.minecraft.server.MinecraftServer/]: Can't keep up! Is the server overloaded? Running 2023ms or 40 ticks behind
[02Apr2022 00:03:22.946] [Server thread/WARN] [net.minecraft.server.MinecraftServer/]: Can't keep up! Is the server overloaded? Running 2256ms or 45 ticks behind
[02Apr2022 00:03:42.542] [Server thread/WARN] [net.minecraft.server.MinecraftServer/]: Can't keep up! Is the server overloaded? Running 4601ms or 92 ticks behind
[02Apr2022 00:03:48.543] [Server thread/INFO] [net.minecraft.server.MinecraftServer/]: [@: Summoned new Slime]
[02Apr2022 00:03:48.550] [Render thread/INFO] [net.minecraft.client.gui.components.ChatComponent/]: [CHAT] [@: Summoned new Slime]
[02Apr2022 00:03:48.614] [Server thread/INFO] [net.minecraft.server.MinecraftServer/]: [@: Summoned new Slime]
[02Apr2022 00:03:48.616] [Render thread/INFO] [net.minecraft.client.gui.components.ChatComponent/]: [CHAT] [@: Summoned new Slime]
[02Apr2022 00:03:48.715] [Server thread/INFO] [net.minecraft.server.MinecraftServer/]: [@: Summoned new Slime]
[02Apr2022 00:03:48.739] [Render thread/INFO] [net.minecraft.client.gui.components.ChatComponent/]: [CHAT] [@: Summoned new Slime]
[02Apr2022 00:03:48.792] [Server thread/INFO] [net.minecraft.server.MinecraftServer/]: [@: Summoned new Slime]
[02Apr2022 00:03:48.794] [Render thread/INFO] [net.minecraft.client.gui.components.ChatComponent/]: [CHAT] [@: Summoned new Slime]
[02Apr2022 00:03:48.945] [Server thread/INFO] [net.minecraft.server.MinecraftServer/]: [@: Summoned new Slime]
[02Apr2022 00:03:48.973] [Render thread/INFO] [net.minecraft.client.gui.components.ChatComponent/]: [CHAT] [@: Summoned new Slime]
[02Apr2022 00:04:03.132] [Server thread/WARN] [net.minecraft.server.MinecraftServer/]: Can't keep up! Is the server overloaded? Running 5590ms or 111 ticks behind
[02Apr2022 00:04:19.940] [Server thread/INFO] [net.minecraft.server.MinecraftServer/]: [Dev: Set own game mode to Survival Mode]
[02Apr2022 00:04:19.954] [Render thread/INFO] [net.minecraft.client.gui.components.ChatComponent/]: [CHAT] Set own game mode to Survival Mode
[02Apr2022 00:04:23.077] [Server thread/INFO] [net.minecraft.server.MinecraftServer/]: [@: Applied effect Regeneration to Dev]
[02Apr2022 00:04:23.078] [Server thread/INFO] [net.minecraft.server.MinecraftServer/]: [@: Applied effect Night Vision to Dev]
[02Apr2022 00:04:23.079] [Server thread/INFO] [net.minecraft.server.MinecraftServer/]: [@: Applied effect Saturation to Dev]
[02Apr2022 00:04:23.082] [Server thread/INFO] [net.minecraft.server.MinecraftServer/]: [@: Applied effect Strength to Dev]
[02Apr2022 00:04:23.084] [Server thread/INFO] [net.minecraft.server.MinecraftServer/]: [@: Applied effect Resistance to Dev]
[02Apr2022 00:04:23.112] [Render thread/INFO] [net.minecraft.client.gui.components.ChatComponent/]: [CHAT] [@: Applied effect Regeneration to Dev]
[02Apr2022 00:04:23.112] [Render thread/INFO] [net.minecraft.client.gui.components.ChatComponent/]: [CHAT] [@: Applied effect Night Vision to Dev]
[02Apr2022 00:04:23.113] [Render thread/INFO] [net.minecraft.client.gui.components.ChatComponent/]: [CHAT] [@: Applied effect Saturation to Dev]
[02Apr2022 00:04:23.113] [Render thread/INFO] [net.minecraft.client.gui.components.ChatComponent/]: [CHAT] [@: Applied effect Strength to Dev]
[02Apr2022 00:04:23.115] [Render thread/INFO] [net.minecraft.client.gui.components.ChatComponent/]: [CHAT] [@: Applied effect Resistance to Dev]
[02Apr2022 00:04:32.203] [Server thread/INFO] [net.minecraft.server.MinecraftServer/]: [@: Removed every effect from Dev]
[02Apr2022 00:04:32.232] [Render thread/INFO] [net.minecraft.client.gui.components.ChatComponent/]: [CHAT] [@: Removed every effect from Dev]
[02Apr2022 00:04:32.890] [Server thread/WARN] [net.minecraft.server.MinecraftServer/]: Can't keep up! Is the server overloaded? Running 2048ms or 40 ticks behind
[02Apr2022 00:04:35.134] [Server thread/INFO] [net.minecraft.server.MinecraftServer/]: [@: Applied effect Regeneration to Dev]
[02Apr2022 00:04:35.136] [Server thread/INFO] [net.minecraft.server.MinecraftServer/]: [@: Applied effect Night Vision to Dev]
[02Apr2022 00:04:35.137] [Server thread/INFO] [net.minecraft.server.MinecraftServer/]: [@: Applied effect Saturation to Dev]
[02Apr2022 00:04:35.140] [Server thread/INFO] [net.minecraft.server.MinecraftServer/]: [@: Applied effect Strength to Dev]
[02Apr2022 00:04:35.142] [Server thread/INFO] [net.minecraft.server.MinecraftServer/]: [@: Applied effect Resistance to Dev]
[02Apr2022 00:04:35.167] [Render thread/INFO] [net.minecraft.client.gui.components.ChatComponent/]: [CHAT] [@: Applied effect Regeneration to Dev]
[02Apr2022 00:04:35.168] [Render thread/INFO] [net.minecraft.client.gui.components.ChatComponent/]: [CHAT] [@: Applied effect Night Vision to Dev]
[02Apr2022 00:04:35.168] [Render thread/INFO] [net.minecraft.client.gui.components.ChatComponent/]: [CHAT] [@: Applied effect Saturation to Dev]
[02Apr2022 00:04:35.168] [Render thread/INFO] [net.minecraft.client.gui.components.ChatComponent/]: [CHAT] [@: Applied effect Strength to Dev]
[02Apr2022 00:04:35.168] [Render thread/INFO] [net.minecraft.client.gui.components.ChatComponent/]: [CHAT] [@: Applied effect Resistance to Dev]
[02Apr2022 00:05:02.701] [Server thread/WARN] [net.minecraft.server.MinecraftServer/]: Can't keep up! Is the server overloaded? Running 2008ms or 40 ticks behind
[02Apr2022 00:05:24.078] [Server thread/WARN] [net.minecraft.server.MinecraftServer/]: Can't keep up! Is the server overloaded? Running 6385ms or 127 ticks behind
[02Apr2022 00:05:53.893] [Server thread/INFO] [net.minecraft.world.entity.npc.Villager/]: Villager Villager['Villager'/88, l='ServerLevel[New World]', x=681.50, y=63.56, z=284.50] died, message: 'Villager was slain by Dev'
[02Apr2022 00:05:53.921] [Render thread/INFO] [net.minecraft.world.entity.npc.Villager/]: Villager Villager['Villager'/88, l='ClientLevel', x=681.50, y=63.56, z=283.50] died, message: 'Villager died'
[02Apr2022 00:05:54.120] [Server thread/WARN] [net.minecraft.server.MinecraftServer/]: Can't keep up! Is the server overloaded? Running 15076ms or 301 ticks behind
[02Apr2022 00:05:56.048] [Server thread/INFO] [net.minecraft.server.MinecraftServer/]: [Dev: Summoned new Villager]
[02Apr2022 00:05:56.063] [Render thread/INFO] [net.minecraft.client.gui.components.ChatComponent/]: [CHAT] Summoned new Villager
[02Apr2022 00:05:56.933] [Server thread/INFO] [net.minecraft.client.server.IntegratedServer/]: Saving and pausing game...
[02Apr2022 00:05:57.132] [Server thread/INFO] [net.minecraft.server.MinecraftServer/]: Saving chunks for level 'ServerLevel[New World]'/minecraft:overworld
[02Apr2022 00:06:01.540] [Server thread/INFO] [net.minecraft.server.MinecraftServer/]: Saving chunks for level 'ServerLevel[New World]'/minecraft:the_nether
[02Apr2022 00:06:01.542] [Server thread/INFO] [net.minecraft.server.MinecraftServer/]: Saving chunks for level 'ServerLevel[New World]'/minecraft:the_end
[02Apr2022 00:06:28.731] [Server thread/INFO] [net.minecraft.server.MinecraftServer/]: [Dev: Set own game mode to Creative Mode]
[02Apr2022 00:06:28.733] [Render thread/INFO] [net.minecraft.client.gui.components.ChatComponent/]: [CHAT] Set own game mode to Creative Mode
[02Apr2022 00:06:33.154] [Server thread/INFO] [net.minecraft.client.server.IntegratedServer/]: Saving and pausing game...
[02Apr2022 00:06:33.200] [Server thread/INFO] [net.minecraft.server.MinecraftServer/]: Saving chunks for level 'ServerLevel[New World]'/minecraft:overworld
[02Apr2022 00:06:33.424] [Server thread/INFO] [net.minecraft.server.MinecraftServer/]: Saving chunks for level 'ServerLevel[New World]'/minecraft:the_nether
[02Apr2022 00:06:33.426] [Server thread/INFO] [net.minecraft.server.MinecraftServer/]: Saving chunks for level 'ServerLevel[New World]'/minecraft:the_end
[02Apr2022 00:07:13.447] [Server thread/INFO] [net.minecraft.server.MinecraftServer/]: [@: Removed every effect from Dev]
[02Apr2022 00:07:13.455] [Render thread/INFO] [net.minecraft.client.gui.components.ChatComponent/]: [CHAT] [@: Removed every effect from Dev]
[02Apr2022 00:07:14.917] [Server thread/INFO] [net.minecraft.server.MinecraftServer/]: [@: Applied effect Regeneration to Dev]
[02Apr2022 00:07:14.921] [Server thread/INFO] [net.minecraft.server.MinecraftServer/]: [@: Applied effect Night Vision to Dev]
[02Apr2022 00:07:14.924] [Render thread/INFO] [net.minecraft.client.gui.components.ChatComponent/]: [CHAT] [@: Applied effect Regeneration to Dev]
[02Apr2022 00:07:14.925] [Render thread/INFO] [net.minecraft.client.gui.components.ChatComponent/]: [CHAT] [@: Applied effect Night Vision to Dev]
[02Apr2022 00:07:14.951] [Server thread/INFO] [net.minecraft.server.MinecraftServer/]: [@: Applied effect Saturation to Dev]
[02Apr2022 00:07:14.952] [Server thread/INFO] [net.minecraft.server.MinecraftServer/]: [@: Applied effect Strength to Dev]
[02Apr2022 00:07:14.974] [Server thread/INFO] [net.minecraft.server.MinecraftServer/]: [@: Applied effect Resistance to Dev]
[02Apr2022 00:07:15.042] [Render thread/INFO] [net.minecraft.client.gui.components.ChatComponent/]: [CHAT] [@: Applied effect Saturation to Dev]
[02Apr2022 00:07:15.043] [Render thread/INFO] [net.minecraft.client.gui.components.ChatComponent/]: [CHAT] [@: Applied effect Strength to Dev]
[02Apr2022 00:07:15.043] [Render thread/INFO] [net.minecraft.client.gui.components.ChatComponent/]: [CHAT] [@: Applied effect Resistance to Dev]
[02Apr2022 00:07:25.499] [Server thread/INFO] [net.minecraft.server.MinecraftServer/]: [Dev: Summoned new Snow Golem]
[02Apr2022 00:07:25.500] [Render thread/INFO] [net.minecraft.client.gui.components.ChatComponent/]: [CHAT] Summoned new Snow Golem
[02Apr2022 00:07:38.348] [Server thread/INFO] [net.minecraft.server.MinecraftServer/]: [Dev: Summoned new Wither]
[02Apr2022 00:07:38.352] [Render thread/INFO] [net.minecraft.client.gui.components.ChatComponent/]: [CHAT] Summoned new Wither
[02Apr2022 00:08:33.384] [Server thread/INFO] [net.minecraft.server.MinecraftServer/]: [@: Summoned new Villager]
[02Apr2022 00:08:33.413] [Render thread/INFO] [net.minecraft.client.gui.components.ChatComponent/]: [CHAT] [@: Summoned new Villager]
[02Apr2022 00:08:33.432] [Server thread/INFO] [net.minecraft.server.MinecraftServer/]: [@: Summoned new Villager]
[02Apr2022 00:08:33.440] [Render thread/INFO] [net.minecraft.client.gui.components.ChatComponent/]: [CHAT] [@: Summoned new Villager]
[02Apr2022 00:08:33.474] [Server thread/INFO] [net.minecraft.server.MinecraftServer/]: [@: Summoned new Villager]
[02Apr2022 00:08:33.482] [Render thread/INFO] [net.minecraft.client.gui.components.ChatComponent/]: [CHAT] [@: Summoned new Villager]
[02Apr2022 00:08:33.503] [Server thread/INFO] [net.minecraft.server.MinecraftServer/]: [@: Summoned new Villager]
[02Apr2022 00:08:33.513] [Render thread/INFO] [net.minecraft.client.gui.components.ChatComponent/]: [CHAT] [@: Summoned new Villager]
[02Apr2022 00:08:33.570] [Server thread/INFO] [net.minecraft.server.MinecraftServer/]: [@: Summoned new Villager]
[02Apr2022 00:08:33.574] [Render thread/INFO] [net.minecraft.client.gui.components.ChatComponent/]: [CHAT] [@: Summoned new Villager]
[02Apr2022 00:08:34.923] [Server thread/INFO] [net.minecraft.server.MinecraftServer/]: [Dev: Set own game mode to Spectator Mode]
[02Apr2022 00:08:34.927] [Render thread/INFO] [net.minecraft.client.gui.components.ChatComponent/]: [CHAT] Set own game mode to Spectator Mode
[02Apr2022 00:08:36.517] [Server thread/INFO] [net.minecraft.world.entity.npc.Villager/]: Villager Villager['Villager'/1499, l='ServerLevel[New World]', x=743.50, y=62.00, z=277.50] died, message: 'Villager hit the ground too hard'
[02Apr2022 00:08:36.543] [Render thread/INFO] [net.minecraft.world.entity.npc.Villager/]: Villager Villager['Villager'/1499, l='ClientLevel', x=743.50, y=70.71, z=277.50] died, message: 'Villager died'
[02Apr2022 00:08:36.567] [Server thread/INFO] [net.minecraft.world.entity.npc.Villager/]: Villager Villager['Villager'/1501, l='ServerLevel[New World]', x=743.50, y=62.00, z=277.50] died, message: 'Villager hit the ground too hard'
[02Apr2022 00:08:36.624] [Server thread/INFO] [net.minecraft.world.entity.npc.Villager/]: Villager Villager['Villager'/1503, l='ServerLevel[New World]', x=743.50, y=62.00, z=277.50] died, message: 'Villager hit the ground too hard'
[02Apr2022 00:08:36.631] [Render thread/INFO] [net.minecraft.world.entity.npc.Villager/]: Villager Villager['Villager'/1501, l='ClientLevel', x=743.50, y=67.92, z=277.50] died, message: 'Villager died'
[02Apr2022 00:08:36.633] [Render thread/INFO] [net.minecraft.world.entity.npc.Villager/]: Villager Villager['Villager'/1503, l='ClientLevel', x=743.50, y=67.92, z=277.50] died, message: 'Villager died'
[02Apr2022 00:08:36.667] [Server thread/INFO] [net.minecraft.world.entity.npc.Villager/]: Villager Villager['Villager'/1505, l='ServerLevel[New World]', x=743.50, y=62.00, z=277.50] died, message: 'Villager hit the ground too hard'
[02Apr2022 00:08:36.694] [Render thread/INFO] [net.minecraft.world.entity.npc.Villager/]: Villager Villager['Villager'/1505, l='ClientLevel', x=743.50, y=67.92, z=277.50] died, message: 'Villager died'
[02Apr2022 00:08:36.713] [Server thread/INFO] [net.minecraft.world.entity.npc.Villager/]: Villager Villager['Villager'/1507, l='ServerLevel[New World]', x=743.50, y=62.00, z=277.50] died, message: 'Villager hit the ground too hard'
[02Apr2022 00:08:36.761] [Render thread/INFO] [net.minecraft.world.entity.npc.Villager/]: Villager Villager['Villager'/1507, l='ClientLevel', x=743.50, y=67.92, z=277.50] died, message: 'Villager died'
[02Apr2022 00:08:36.836] [Server thread/INFO] [net.minecraft.server.MinecraftServer/]: [Dev: Set own game mode to Creative Mode]
[02Apr2022 00:08:36.874] [Render thread/INFO] [net.minecraft.client.gui.components.ChatComponent/]: [CHAT] Set own game mode to Creative Mode
[02Apr2022 00:08:39.117] [Server thread/INFO] [net.minecraft.server.MinecraftServer/]: [Dev: Set own game mode to Spectator Mode]
[02Apr2022 00:08:39.119] [Render thread/INFO] [net.minecraft.client.gui.components.ChatComponent/]: [CHAT] Set own game mode to Spectator Mode
[02Apr2022 00:08:40.440] [Server thread/INFO] [net.minecraft.server.MinecraftServer/]: [Dev: Set own game mode to Creative Mode]
[02Apr2022 00:08:40.447] [Render thread/INFO] [net.minecraft.client.gui.components.ChatComponent/]: [CHAT] Set own game mode to Creative Mode
[02Apr2022 00:08:42.550] [Server thread/INFO] [net.minecraft.server.MinecraftServer/]: [@: Summoned new Slime]
[02Apr2022 00:08:42.574] [Render thread/INFO] [net.minecraft.client.gui.components.ChatComponent/]: [CHAT] [@: Summoned new Slime]
[02Apr2022 00:08:42.600] [Server thread/INFO] [net.minecraft.server.MinecraftServer/]: [@: Summoned new Slime]
[02Apr2022 00:08:42.623] [Render thread/INFO] [net.minecraft.client.gui.components.ChatComponent/]: [CHAT] [@: Summoned new Slime]
[02Apr2022 00:08:42.653] [Server thread/INFO] [net.minecraft.server.MinecraftServer/]: [@: Summoned new Slime]
[02Apr2022 00:08:42.666] [Render thread/INFO] [net.minecraft.client.gui.components.ChatComponent/]: [CHAT] [@: Summoned new Slime]
[02Apr2022 00:08:42.701] [Server thread/INFO] [net.minecraft.server.MinecraftServer/]: [@: Summoned new Slime]
[02Apr2022 00:08:42.708] [Render thread/INFO] [net.minecraft.client.gui.components.ChatComponent/]: [CHAT] [@: Summoned new Slime]
[02Apr2022 00:08:42.749] [Server thread/INFO] [net.minecraft.server.MinecraftServer/]: [@: Summoned new Slime]
[02Apr2022 00:08:42.771] [Render thread/INFO] [net.minecraft.client.gui.components.ChatComponent/]: [CHAT] [@: Summoned new Slime]
[02Apr2022 00:08:42.801] [Server thread/INFO] [net.minecraft.server.MinecraftServer/]: [@: Summoned new Slime]
[02Apr2022 00:08:42.813] [Render thread/INFO] [net.minecraft.client.gui.components.ChatComponent/]: [CHAT] [@: Summoned new Slime]
[02Apr2022 00:08:42.849] [Server thread/INFO] [net.minecraft.server.MinecraftServer/]: [@: Summoned new Slime]
[02Apr2022 00:08:42.870] [Render thread/INFO] [net.minecraft.client.gui.components.ChatComponent/]: [CHAT] [@: Summoned new Slime]
[02Apr2022 00:08:42.900] [Server thread/INFO] [net.minecraft.server.MinecraftServer/]: [@: Summoned new Slime]
[02Apr2022 00:08:42.913] [Render thread/INFO] [net.minecraft.client.gui.components.ChatComponent/]: [CHAT] [@: Summoned new Slime]
[02Apr2022 00:08:42.949] [Server thread/INFO] [net.minecraft.server.MinecraftServer/]: [@: Summoned new Slime]
[02Apr2022 00:08:42.974] [Render thread/INFO] [net.minecraft.client.gui.components.ChatComponent/]: [CHAT] [@: Summoned new Slime]
[02Apr2022 00:08:42.999] [Server thread/INFO] [net.minecraft.server.MinecraftServer/]: [@: Summoned new Slime]
[02Apr2022 00:08:43.014] [Render thread/INFO] [net.minecraft.client.gui.components.ChatComponent/]: [CHAT] [@: Summoned new Slime]
[02Apr2022 00:08:43.049] [Server thread/INFO] [net.minecraft.server.MinecraftServer/]: [@: Summoned new Slime]
[02Apr2022 00:08:43.066] [Render thread/INFO] [net.minecraft.client.gui.components.ChatComponent/]: [CHAT] [@: Summoned new Slime]
[02Apr2022 00:08:43.099] [Server thread/INFO] [net.minecraft.server.MinecraftServer/]: [@: Summoned new Slime]
[02Apr2022 00:08:43.116] [Render thread/INFO] [net.minecraft.client.gui.components.ChatComponent/]: [CHAT] [@: Summoned new Slime]
[02Apr2022 00:08:43.149] [Server thread/INFO] [net.minecraft.server.MinecraftServer/]: [@: Summoned new Slime]
[02Apr2022 00:08:43.155] [Render thread/INFO] [net.minecraft.client.gui.components.ChatComponent/]: [CHAT] [@: Summoned new Slime]
[02Apr2022 00:08:43.199] [Server thread/INFO] [net.minecraft.server.MinecraftServer/]: [@: Summoned new Slime]
[02Apr2022 00:08:43.217] [Render thread/INFO] [net.minecraft.client.gui.components.ChatComponent/]: [CHAT] [@: Summoned new Slime]
[02Apr2022 00:08:43.249] [Server thread/INFO] [net.minecraft.server.MinecraftServer/]: [@: Summoned new Slime]
[02Apr2022 00:08:43.258] [Render thread/INFO] [net.minecraft.client.gui.components.ChatComponent/]: [CHAT] [@: Summoned new Slime]
[02Apr2022 00:08:43.315] [Server thread/INFO] [net.minecraft.server.MinecraftServer/]: [@: Summoned new Slime]
[02Apr2022 00:08:43.340] [Render thread/INFO] [net.minecraft.client.gui.components.ChatComponent/]: [CHAT] [@: Summoned new Slime]
[02Apr2022 00:08:44.239] [Server thread/INFO] [net.minecraft.server.MinecraftServer/]: [Dev: Set own game mode to Spectator Mode]
[02Apr2022 00:08:44.241] [Render thread/INFO] [net.minecraft.client.gui.components.ChatComponent/]: [CHAT] Set own game mode to Spectator Mode
[02Apr2022 00:08:45.876] [Server thread/INFO] [net.minecraft.server.MinecraftServer/]: [Dev: Set own game mode to Creative Mode]
[02Apr2022 00:08:45.923] [Render thread/INFO] [net.minecraft.client.gui.components.ChatComponent/]: [CHAT] Set own game mode to Creative Mode
[02Apr2022 00:09:06.825] [Server thread/INFO] [net.minecraft.server.MinecraftServer/]: [Dev: Set own game mode to Spectator Mode]
[02Apr2022 00:09:06.826] [Render thread/INFO] [net.minecraft.client.gui.components.ChatComponent/]: [CHAT] Set own game mode to Spectator Mode
[02Apr2022 00:09:08.271] [Server thread/INFO] [net.minecraft.server.MinecraftServer/]: [Dev: Set own game mode to Creative Mode]
[02Apr2022 00:09:08.322] [Render thread/INFO] [net.minecraft.client.gui.components.ChatComponent/]: [CHAT] Set own game mode to Creative Mode
[02Apr2022 00:10:12.133] [Server thread/INFO] [net.minecraft.server.MinecraftServer/]: [Dev: Set own game mode to Survival Mode]
[02Apr2022 00:10:12.135] [Render thread/INFO] [net.minecraft.client.gui.components.ChatComponent/]: [CHAT] Set own game mode to Survival Mode
[02Apr2022 00:10:25.227] [Server thread/INFO] [net.minecraft.server.MinecraftServer/]: [Dev: Summoned new Cave Spider]
[02Apr2022 00:10:25.242] [Render thread/INFO] [net.minecraft.client.gui.components.ChatComponent/]: [CHAT] Summoned new Cave Spider
[02Apr2022 00:10:39.711] [Server thread/INFO] [net.minecraft.server.MinecraftServer/]: [@: Removed every effect from Dev]
[02Apr2022 00:10:39.735] [Render thread/INFO] [net.minecraft.client.gui.components.ChatComponent/]: [CHAT] [@: Removed every effect from Dev]
[02Apr2022 00:10:41.002] [Server thread/INFO] [net.minecraft.server.MinecraftServer/]: [@: Applied effect Regeneration to Dev]
[02Apr2022 00:10:41.009] [Server thread/INFO] [net.minecraft.server.MinecraftServer/]: [@: Applied effect Night Vision to Dev]
[02Apr2022 00:10:41.010] [Server thread/INFO] [net.minecraft.server.MinecraftServer/]: [@: Applied effect Saturation to Dev]
[02Apr2022 00:10:41.011] [Server thread/INFO] [net.minecraft.server.MinecraftServer/]: [@: Applied effect Strength to Dev]
[02Apr2022 00:10:41.013] [Server thread/INFO] [net.minecraft.server.MinecraftServer/]: [@: Applied effect Resistance to Dev]
[02Apr2022 00:10:41.025] [Render thread/INFO] [net.minecraft.client.gui.components.ChatComponent/]: [CHAT] [@: Applied effect Regeneration to Dev]
[02Apr2022 00:10:41.025] [Render thread/INFO] [net.minecraft.client.gui.components.ChatComponent/]: [CHAT] [@: Applied effect Night Vision to Dev]
[02Apr2022 00:10:41.026] [Render thread/INFO] [net.minecraft.client.gui.components.ChatComponent/]: [CHAT] [@: Applied effect Saturation to Dev]
[02Apr2022 00:10:41.027] [Render thread/INFO] [net.minecraft.client.gui.components.ChatComponent/]: [CHAT] [@: Applied effect Strength to Dev]
[02Apr2022 00:10:41.027] [Render thread/INFO] [net.minecraft.client.gui.components.ChatComponent/]: [CHAT] [@: Applied effect Resistance to Dev]
[02Apr2022 00:10:46.196] [Server thread/INFO] [net.minecraft.server.MinecraftServer/]: [Dev: Summoned new Piglin]
[02Apr2022 00:10:46.208] [Render thread/INFO] [net.minecraft.client.gui.components.ChatComponent/]: [CHAT] Summoned new Piglin
[02Apr2022 00:11:16.833] [Server thread/INFO] [net.minecraft.server.MinecraftServer/]: [@: Applied effect Regeneration to Dev]
[02Apr2022 00:11:16.834] [Server thread/INFO] [net.minecraft.server.MinecraftServer/]: [@: Applied effect Night Vision to Dev]
[02Apr2022 00:11:16.845] [Server thread/INFO] [net.minecraft.server.MinecraftServer/]: [@: Applied effect Saturation to Dev]
[02Apr2022 00:11:16.848] [Server thread/INFO] [net.minecraft.server.MinecraftServer/]: [@: Applied effect Strength to Dev]
[02Apr2022 00:11:16.849] [Server thread/INFO] [net.minecraft.server.MinecraftServer/]: [@: Applied effect Resistance to Dev]
[02Apr2022 00:11:16.857] [Render thread/INFO] [net.minecraft.client.gui.components.ChatComponent/]: [CHAT] [@: Applied effect Regeneration to Dev]
[02Apr2022 00:11:16.858] [Render thread/INFO] [net.minecraft.client.gui.components.ChatComponent/]: [CHAT] [@: Applied effect Night Vision to Dev]
[02Apr2022 00:11:16.859] [Render thread/INFO] [net.minecraft.client.gui.components.ChatComponent/]: [CHAT] [@: Applied effect Saturation to Dev]
[02Apr2022 00:11:16.859] [Render thread/INFO] [net.minecraft.client.gui.components.ChatComponent/]: [CHAT] [@: Applied effect Strength to Dev]
[02Apr2022 00:11:16.859] [Render thread/INFO] [net.minecraft.client.gui.components.ChatComponent/]: [CHAT] [@: Applied effect Resistance to Dev]
[02Apr2022 00:11:18.732] [Server thread/INFO] [net.minecraft.server.MinecraftServer/]: [Dev: Set own game mode to Creative Mode]
[02Apr2022 00:11:18.740] [Render thread/INFO] [net.minecraft.client.gui.components.ChatComponent/]: [CHAT] Set own game mode to Creative Mode
[02Apr2022 00:11:27.953] [Server thread/INFO] [net.minecraft.server.MinecraftServer/]: [Dev: Summoned new Zombie]
[02Apr2022 00:11:27.973] [Render thread/INFO] [net.minecraft.client.gui.components.ChatComponent/]: [CHAT] Summoned new Zombie
[02Apr2022 00:12:07.505] [Server thread/INFO] [net.minecraft.client.server.IntegratedServer/]: Saving and pausing game...
[02Apr2022 00:12:07.639] [Server thread/INFO] [net.minecraft.server.MinecraftServer/]: Saving chunks for level 'ServerLevel[New World]'/minecraft:overworld
[02Apr2022 00:12:07.762] [Server thread/INFO] [net.minecraft.server.MinecraftServer/]: Saving chunks for level 'ServerLevel[New World]'/minecraft:the_nether
[02Apr2022 00:12:07.766] [Server thread/INFO] [net.minecraft.server.MinecraftServer/]: Saving chunks for level 'ServerLevel[New World]'/minecraft:the_end
[02Apr2022 00:12:11.071] [Server thread/INFO] [net.minecraft.server.network.ServerGamePacketListenerImpl/]: Dev lost connection: Disconnected
[02Apr2022 00:12:11.072] [Server thread/INFO] [net.minecraft.server.MinecraftServer/]: Dev left the game
[02Apr2022 00:12:11.135] [Server thread/INFO] [net.minecraft.server.network.ServerGamePacketListenerImpl/]: Stopping singleplayer server as player logged out
[02Apr2022 00:12:11.174] [Server thread/INFO] [net.minecraft.server.MinecraftServer/]: Stopping server
[02Apr2022 00:12:11.180] [Server thread/INFO] [net.minecraft.server.MinecraftServer/]: Saving players
[02Apr2022 00:12:11.181] [Server thread/INFO] [net.minecraft.server.MinecraftServer/]: Saving worlds
[02Apr2022 00:12:18.884] [Server thread/INFO] [net.minecraft.server.MinecraftServer/]: Saving chunks for level 'ServerLevel[New World]'/minecraft:overworld
[02Apr2022 00:12:19.179] [Server thread/INFO] [net.minecraft.server.MinecraftServer/]: Saving chunks for level 'ServerLevel[New World]'/minecraft:the_nether
[02Apr2022 00:12:19.181] [Server thread/INFO] [net.minecraft.server.MinecraftServer/]: Saving chunks for level 'ServerLevel[New World]'/minecraft:the_end
[02Apr2022 00:12:19.210] [Server thread/INFO] [net.minecraft.server.MinecraftServer/]: ThreadedAnvilChunkStorage (New World): All chunks are saved
[02Apr2022 00:12:19.210] [Server thread/INFO] [net.minecraft.server.MinecraftServer/]: ThreadedAnvilChunkStorage (DIM-1): All chunks are saved
[02Apr2022 00:12:19.210] [Server thread/INFO] [net.minecraft.server.MinecraftServer/]: ThreadedAnvilChunkStorage (DIM1): All chunks are saved
[02Apr2022 00:12:19.210] [Server thread/INFO] [net.minecraft.server.MinecraftServer/]: ThreadedAnvilChunkStorage: All dimensions are saved
[02Apr2022 00:12:25.079] [Render thread/INFO] [net.minecraft.client.Minecraft/]: Stopping!
